m:\boris\msvc13\queryedit\release\iqe2004.pch
m:\boris\msvc13\queryedit\release\vc120.pdb
m:\boris\msvc13\queryedit\release\stdafx.obj
m:\boris\msvc13\queryedit\release\selsdlg.obj
m:\boris\msvc13\queryedit\release\qerecordset.obj
m:\boris\msvc13\queryedit\release\mtreectrl.obj
m:\boris\msvc13\queryedit\release\metaset.obj
m:\boris\msvc13\queryedit\release\listsset.obj
m:\boris\msvc13\queryedit\release\listsdoconlyset.obj
m:\boris\msvc13\queryedit\release\listsdlg.obj
m:\boris\msvc13\queryedit\release\iqe2004dlg.obj
m:\boris\msvc13\queryedit\release\iqe2004.obj
m:\boris\msvc13\queryedit\release\importdocsdlg.obj
m:\boris\msvc13\queryedit\release\ilistctrl.obj
m:\boris\msvc13\queryedit\release\headerschemadlg.obj
m:\boris\msvc13\queryedit\release\docsset.obj
m:\boris\msvc13\queryedit\release\docsdlg.obj
m:\boris\msvc13\queryedit\release\colsset.obj
m:\boris\msvc13\queryedit\release\colsdlg.obj
m:\boris\msvc13\queryedit\release\classesset.obj
m:\boris\msvc13\queryedit\release\agrsset.obj
m:\boris\msvc13\queryedit\release\agrsdlg.obj
m:\boris\msvc13\queryedit\release\addnewdocdlg.obj
m:\boris\msvc13\queryedit\release\waiterdlg.obj
m:\boris\msvc13\queryedit\release\varsset.obj
m:\boris\msvc13\queryedit\release\varsdlg.obj
m:\boris\msvc13\queryedit\release\tablesdlg.obj
m:\boris\msvc13\queryedit\release\sqlanalyzer.obj
m:\boris\msvc13\queryedit\release\setdialog.obj
m:\boris\msvc13\queryedit\release\selsset.obj
m:\boris\msvc13\queryedit\release\rqueryedit.obj
m:\boris\msvc13\queryedit\release\dqueryedit.obj
m:\boris\msvc13\queryedit\release\queryedit.exe
m:\boris\msvc13\queryedit\release\iqe2004.res
m:\boris\msvc13\queryedit\.\release\queryedit.exe
m:\boris\msvc13\queryedit\release\queryedit.tlog\cl.command.1.tlog
m:\boris\msvc13\queryedit\release\queryedit.tlog\cl.read.1.tlog
m:\boris\msvc13\queryedit\release\queryedit.tlog\cl.write.1.tlog
m:\boris\msvc13\queryedit\release\queryedit.tlog\link.command.1.tlog
m:\boris\msvc13\queryedit\release\queryedit.tlog\link.read.1.tlog
m:\boris\msvc13\queryedit\release\queryedit.tlog\link.write.1.tlog
m:\boris\msvc13\queryedit\release\queryedit.tlog\rc.command.1.tlog
m:\boris\msvc13\queryedit\release\queryedit.tlog\rc.read.1.tlog
m:\boris\msvc13\queryedit\release\queryedit.tlog\rc.write.1.tlog
